<?xml version="1.0" encoding="UTF-8"?>
<!-- Generated by org.testng.reporters.JUnitXMLReporter -->
<testsuite ignored="2" hostname="DESKTOP-JO7IUIU" failures="2" tests="5" name="Test3" time="176.651" errors="0" timestamp="2026-09-17T10:50:05 IST">
  <testcase classname="com.vitiger_crm.Orgtest.CreateOrganizationWithPhoneNumberTest" name="createOrganizationWithPhoneNumbeTest" time="9.884">
    <failure type="org.openqa.selenium.NoSuchElementException" message="Unable to find element with locator By.xpath: //span[@id=&amp;apos;dtlview_Organization Name&amp;apos;]
For documentation on this error, please visit: https://www.selenium.dev/documentation/webdriver/troubleshooting/errors#nosuchelementexception
Build info: version: &amp;apos;4.43.0&amp;apos;, revision: &amp;apos;dd0f534&amp;apos;
System info: os.name: &amp;apos;Windows 10&amp;apos;, os.arch: &amp;apos;amd64&amp;apos;, os.version: &amp;apos;10.0&amp;apos;, java.version: &amp;apos;20.0.2&amp;apos;
Driver info: driver.version: RemoteWebDriver">
      <![CDATA[org.openqa.selenium.NoSuchElementException: Unable to find element with locator By.xpath: //span[@id='dtlview_Organization Name']
For documentation on this error, please visit: https://www.selenium.dev/documentation/webdriver/troubleshooting/errors#nosuchelementexception
Build info: version: '4.43.0', revision: 'dd0f534'
System info: os.name: 'Windows 10', os.arch: 'amd64', os.version: '10.0', java.version: '20.0.2'
Driver info: driver.version: RemoteWebDriver
at org.openqa.selenium.remote.ElementLocation$ElementFinder$2.findElement(ElementLocation.java:169)
at org.openqa.selenium.remote.ElementLocation.findElement(ElementLocation.java:60)
at org.openqa.selenium.remote.RemoteWebDriver.findElement(RemoteWebDriver.java:429)
at org.openqa.selenium.remote.RemoteWebDriver.findElement(RemoteWebDriver.java:423)
at com.vitiger_crm.Orgtest.CreateOrganizationWithPhoneNumberTest.createOrganizationWithPhoneNumbeTest(CreateOrganizationWithPhoneNumberTest.java:30)
at java.base/java.util.ArrayList.forEach(ArrayList.java:1511)
at java.base/java.util.concurrent.FutureTask.run(FutureTask.java:317)
at java.base/java.util.concurrent.ThreadPoolExecutor.runWorker(ThreadPoolExecutor.java:1144)
at java.base/java.util.concurrent.ThreadPoolExecutor$Worker.run(ThreadPoolExecutor.java:642)
at java.base/java.lang.Thread.run(Thread.java:1623)
... Removed 15 stack frames]]>
    </failure>
  </testcase> <!-- createOrganizationWithPhoneNumbeTest -->
  <testcase classname="com.vitiger_crm.contacttest.CreateContactTest" name="createContactTest" time="11.507">
    <skipped/>
  </testcase> <!-- createContactTest -->
  <testcase classname="com.vitiger_crm.contacttest.CreateContactTest" name="createContactTest" time="3.624">
    <skipped/>
  </testcase> <!-- createContactTest -->
  <testcase classname="com.vitiger_crm.contacttest.CreateContactTest" name="createContactTest" time="4.11">
    <skipped/>
  </testcase> <!-- createContactTest -->
  <testcase classname="com.vitiger_crm.contacttest.CreateContactTest" name="createContactTest" time="3.841">
    <failure type="java.lang.NullPointerException" message="Cannot invoke &amp;quot;com.aventstack.extentreports.ExtentTest.log(com.aventstack.extentreports.Status, String)&amp;quot; because the return value of &amp;quot;generic_webdriverUtility.UtilityClassObj.getTest()&amp;quot; is null">
      <![CDATA[java.lang.NullPointerException: Cannot invoke "com.aventstack.extentreports.ExtentTest.log(com.aventstack.extentreports.Status, String)" because the return value of "generic_webdriverUtility.UtilityClassObj.getTest()" is null
at com.vitiger_crm.contacttest.CreateContactTest.createContactTest(CreateContactTest.java:36)
at java.base/java.util.ArrayList.forEach(ArrayList.java:1511)
at java.base/java.util.concurrent.FutureTask.run(FutureTask.java:317)
at java.base/java.util.concurrent.ThreadPoolExecutor.runWorker(ThreadPoolExecutor.java:1144)
at java.base/java.util.concurrent.ThreadPoolExecutor$Worker.run(ThreadPoolExecutor.java:642)
at java.base/java.lang.Thread.run(Thread.java:1623)
... Removed 15 stack frames]]>
    </failure>
  </testcase> <!-- createContactTest -->
  <testcase classname="generic_baseClass.BaseClass" name="@AfterSuite databaseClosure" time="0.0">
    <ignored/>
  </testcase> <!-- @AfterSuite databaseClosure -->
  <testcase classname="generic_baseClass.BaseClass" name="@BeforeSuite databaseConnectivity" time="0.0">
    <ignored/>
  </testcase> <!-- @BeforeSuite databaseConnectivity -->
</testsuite> <!-- Test3 -->
