<?xml version="1.0" encoding="UTF-8"?>
<!-- Generated by org.testng.reporters.JUnitXMLReporter -->
<testsuite ignored="4" hostname="DESKTOP-JO7IUIU" failures="0" tests="3" name="Test" time="0.139" errors="0" timestamp="2026-09-15T13:12:10 IST">
  <testcase classname="generic_baseClass.BaseClass" name="@BeforeSuite databaseConnectivity" time="42.353">
    <failure type="com.mysql.cj.jdbc.exceptions.CommunicationsException" message="Communications link failure

The last packet sent successfully to the server was 0 milliseconds ago. The driver has not received any packets from the server.">
      <![CDATA[com.mysql.cj.jdbc.exceptions.CommunicationsException: Communications link failure

The last packet sent successfully to the server was 0 milliseconds ago. The driver has not received any packets from the server.
at com.mysql.cj.jdbc.exceptions.SQLError.createCommunicationsException(SQLError.java:175)
at com.mysql.cj.jdbc.exceptions.SQLExceptionsMapping.translateException(SQLExceptionsMapping.java:64)
at com.mysql.cj.jdbc.ConnectionImpl.createNewIO(ConnectionImpl.java:825)
at com.mysql.cj.jdbc.ConnectionImpl.<init>(ConnectionImpl.java:446)
at com.mysql.cj.jdbc.ConnectionImpl.getInstance(ConnectionImpl.java:239)
at com.mysql.cj.jdbc.NonRegisteringDriver.connect(NonRegisteringDriver.java:188)
at java.sql/java.sql.DriverManager.getConnection(DriverManager.java:683)
at java.sql/java.sql.DriverManager.getConnection(DriverManager.java:230)
at generic_baseClass.BaseClass.databaseConnectivity(BaseClass.java:39)
Caused by: com.mysql.cj.exceptions.CJCommunicationsException: Communications link failure

The last packet sent successfully to the server was 0 milliseconds ago. The driver has not received any packets from the server.
at com.mysql.cj.exceptions.ExceptionFactory.createException(ExceptionFactory.java:62)
at com.mysql.cj.exceptions.ExceptionFactory.createException(ExceptionFactory.java:105)
at com.mysql.cj.exceptions.ExceptionFactory.createException(ExceptionFactory.java:150)
at com.mysql.cj.exceptions.ExceptionFactory.createCommunicationsException(ExceptionFactory.java:166)
at com.mysql.cj.protocol.a.NativeSocketConnection.connect(NativeSocketConnection.java:89)
at com.mysql.cj.NativeSession.connect(NativeSession.java:121)
at com.mysql.cj.jdbc.ConnectionImpl.connectOneTryOnly(ConnectionImpl.java:945)
at com.mysql.cj.jdbc.ConnectionImpl.createNewIO(ConnectionImpl.java:815)
... 23 more
Caused by: java.net.ConnectException: Connection timed out: connect
at java.base/sun.nio.ch.Net.connect0(Native Method)
at java.base/sun.nio.ch.Net.connect(Net.java:580)
at java.base/sun.nio.ch.Net.connect(Net.java:569)
at java.base/sun.nio.ch.NioSocketImpl.connect(NioSocketImpl.java:581)
at java.base/java.net.SocksSocketImpl.connect(SocksSocketImpl.java:327)
at java.base/java.net.Socket.connect(Socket.java:666)
at com.mysql.cj.protocol.StandardSocketFactory.connect(StandardSocketFactory.java:153)
at com.mysql.cj.protocol.a.NativeSocketConnection.connect(NativeSocketConnection.java:63)
... 26 more
... Removed 20 stack frames]]>
    </failure>
  </testcase> <!-- @BeforeSuite databaseConnectivity -->
  <testcase classname="generic_baseClass.BaseClass" name="@BeforeClass browserLaunching" time="0.0">
    <skipped/>
  </testcase> <!-- @BeforeClass browserLaunching -->
  <testcase classname="generic_baseClass.BaseClass" name="@BeforeMethod loginToApp" time="0.0">
    <skipped/>
  </testcase> <!-- @BeforeMethod loginToApp -->
  <testcase classname="generic_baseClass.BaseClass" name="@AfterMethod logoutFromApp" time="0.0">
    <skipped/>
  </testcase> <!-- @AfterMethod logoutFromApp -->
  <testcase classname="generic_baseClass.BaseClass" name="@AfterClass browserClosing" time="0.0">
    <skipped/>
  </testcase> <!-- @AfterClass browserClosing -->
  <testcase classname="generic_baseClass.BaseClass" name="@BeforeClass browserLaunching" time="0.0">
    <skipped/>
  </testcase> <!-- @BeforeClass browserLaunching -->
  <testcase classname="generic_baseClass.BaseClass" name="@BeforeMethod loginToApp" time="0.0">
    <skipped/>
  </testcase> <!-- @BeforeMethod loginToApp -->
  <testcase classname="generic_baseClass.BaseClass" name="@AfterMethod logoutFromApp" time="0.0">
    <skipped/>
  </testcase> <!-- @AfterMethod logoutFromApp -->
  <testcase classname="generic_baseClass.BaseClass" name="@AfterClass browserClosing" time="0.0">
    <skipped/>
  </testcase> <!-- @AfterClass browserClosing -->
  <testcase classname="generic_baseClass.BaseClass" name="@BeforeClass browserLaunching" time="0.0">
    <skipped/>
  </testcase> <!-- @BeforeClass browserLaunching -->
  <testcase classname="generic_baseClass.BaseClass" name="@BeforeMethod loginToApp" time="0.0">
    <skipped/>
  </testcase> <!-- @BeforeMethod loginToApp -->
  <testcase classname="generic_baseClass.BaseClass" name="@AfterMethod logoutFromApp" time="0.0">
    <skipped/>
  </testcase> <!-- @AfterMethod logoutFromApp -->
  <testcase classname="generic_baseClass.BaseClass" name="@AfterClass browserClosing" time="0.0">
    <skipped/>
  </testcase> <!-- @AfterClass browserClosing -->
  <testcase classname="com.vitiger_crm.contacttest.CreateContactWithOrgTest" name="createContactWithOrgTest" time="0.0">
    <skipped/>
  </testcase> <!-- createContactWithOrgTest -->
  <testcase classname="com.vitiger_crm.Orgtest.CreateOrganizationTest" name="createOrganizationTest" time="0.0">
    <skipped/>
  </testcase> <!-- createOrganizationTest -->
  <testcase classname="com.vitiger_crm.contacttest.CreateContactTest" name="createContactTest" time="0.0">
    <skipped/>
  </testcase> <!-- createContactTest -->
  <testcase classname="generic_baseClass.BaseClass" name="@BeforeSuite databaseConnectivity" time="0.0">
    <ignored/>
  </testcase> <!-- @BeforeSuite databaseConnectivity -->
  <testcase classname="generic_baseClass.BaseClass" name="@AfterSuite databaseClosure" time="0.0">
    <ignored/>
  </testcase> <!-- @AfterSuite databaseClosure -->
  <testcase classname="generic_baseClass.BaseClass" name="@BeforeSuite databaseConnectivity" time="0.0">
    <ignored/>
  </testcase> <!-- @BeforeSuite databaseConnectivity -->
  <testcase classname="generic_baseClass.BaseClass" name="@AfterSuite databaseClosure" time="0.0">
    <ignored/>
  </testcase> <!-- @AfterSuite databaseClosure -->
</testsuite> <!-- Test -->
