<?xml version="1.0" encoding="UTF-8"?>
<!-- Generated by org.testng.reporters.JUnitXMLReporter -->
<testsuite ignored="2" hostname="DESKTOP-JO7IUIU" failures="2" tests="2" name="Test1" time="151.203" errors="0" timestamp="2026-09-17T10:49:40 IST">
  <testcase classname="com.vitiger_crm.contacttest.CreateContactWithSupportDateTest" name="createContactWithSupportDateTest" time="16.691">
    <failure type="java.lang.NullPointerException" message="Cannot invoke &amp;quot;com.aventstack.extentreports.ExtentTest.log(com.aventstack.extentreports.Status, String)&amp;quot; because the return value of &amp;quot;generic_webdriverUtility.UtilityClassObj.getTest()&amp;quot; is null">
      <![CDATA[java.lang.NullPointerException: Cannot invoke "com.aventstack.extentreports.ExtentTest.log(com.aventstack.extentreports.Status, String)" because the return value of "generic_webdriverUtility.UtilityClassObj.getTest()" is null
at com.vitiger_crm.contacttest.CreateContactWithSupportDateTest.createContactWithSupportDateTest(CreateContactWithSupportDateTest.java:35)
at java.base/java.util.ArrayList.forEach(ArrayList.java:1511)
at java.base/java.util.concurrent.FutureTask.run(FutureTask.java:317)
at java.base/java.util.concurrent.ThreadPoolExecutor.runWorker(ThreadPoolExecutor.java:1144)
at java.base/java.util.concurrent.ThreadPoolExecutor$Worker.run(ThreadPoolExecutor.java:642)
at java.base/java.lang.Thread.run(Thread.java:1623)
... Removed 15 stack frames]]>
    </failure>
  </testcase> <!-- createContactWithSupportDateTest -->
  <testcase classname="com.vitiger_crm.contacttest.CreateContactWithOrgTest" name="createContactWithOrgTest" time="12.57">
    <failure type="java.lang.NullPointerException" message="Cannot invoke &amp;quot;com.aventstack.extentreports.ExtentTest.log(com.aventstack.extentreports.Status, String)&amp;quot; because the return value of &amp;quot;generic_webdriverUtility.UtilityClassObj.getTest()&amp;quot; is null">
      <![CDATA[java.lang.NullPointerException: Cannot invoke "com.aventstack.extentreports.ExtentTest.log(com.aventstack.extentreports.Status, String)" because the return value of "generic_webdriverUtility.UtilityClassObj.getTest()" is null
at com.vitiger_crm.contacttest.CreateContactWithOrgTest.createContactWithOrgTest(CreateContactWithOrgTest.java:45)
at java.base/java.util.ArrayList.forEach(ArrayList.java:1511)
at java.base/java.util.concurrent.FutureTask.run(FutureTask.java:317)
at java.base/java.util.concurrent.ThreadPoolExecutor.runWorker(ThreadPoolExecutor.java:1144)
at java.base/java.util.concurrent.ThreadPoolExecutor$Worker.run(ThreadPoolExecutor.java:642)
at java.base/java.lang.Thread.run(Thread.java:1623)
... Removed 15 stack frames]]>
    </failure>
  </testcase> <!-- createContactWithOrgTest -->
  <testcase classname="generic_baseClass.BaseClass" name="@BeforeSuite databaseConnectivity" time="0.0">
    <ignored/>
  </testcase> <!-- @BeforeSuite databaseConnectivity -->
  <testcase classname="generic_baseClass.BaseClass" name="@AfterSuite databaseClosure" time="0.0">
    <ignored/>
  </testcase> <!-- @AfterSuite databaseClosure -->
</testsuite> <!-- Test1 -->
