<?xml version="1.0" encoding="UTF-8"?>
<!-- Generated by org.testng.reporters.JUnitReportReporter -->
<testsuite hostname="DESKTOP-JO7IUIU" failures="0" tests="6" name="com.vitiger_crm.createOrgtest.TC_01_Create_org_Test" time="0.028" errors="0" timestamp="2026-09-06T22:52:02 IST" skipped="0">
  <testcase classname="com.vitiger_crm.createOrgtest.TC_01_Create_org_Test" name="acreateorg" time="0.002"/>
  <testcase classname="com.vitiger_crm.createOrgtest.TC_01_Create_org_Test" name="acreateorg" time="0.003"/>
  <testcase classname="com.vitiger_crm.createOrgtest.TC_01_Create_org_Test" name="acreateorg" time="0.004"/>
  <testcase classname="com.vitiger_crm.createOrgtest.TC_01_Create_org_Test" name="acreateorg" time="0.014"/>
  <testcase classname="com.vitiger_crm.createOrgtest.TC_01_Create_org_Test" name="acreateorg" time="0.002"/>
  <testcase classname="com.vitiger_crm.createOrgtest.TC_01_Create_org_Test" name="acreateorg" time="0.003"/>
</testsuite> <!-- com.vitiger_crm.createOrgtest.TC_01_Create_org_Test -->
