<?xml version="1.0" encoding="UTF-8"?>
<!-- Generated by org.testng.reporters.JUnitReportReporter -->
<testsuite hostname="DESKTOP-JO7IUIU" failures="0" tests="1" name="com.vitiger_crm.contacttest.CreateContactWithSupportDateTest" time="42.451" errors="0" timestamp="2026-09-17T13:06:14 IST" skipped="0">
  <testcase classname="com.vitiger_crm.contacttest.CreateContactWithSupportDateTest" name="createContactWithSupportDateTest" time="42.451"/>
</testsuite> <!-- com.vitiger_crm.contacttest.CreateContactWithSupportDateTest -->
